2025-02-10 00:52:51,585 - basicLogger - INFO - Skills request processed
2025-02-10 00:56:39,365 - basicLogger - INFO - Skills request processed
2025-02-10 01:03:19,583 - basicLogger - INFO - Skills request processed
2025-02-10 01:06:42,876 - basicLogger - INFO - Skills request processed
2025-02-10 01:11:26,780 - basicLogger - INFO - Skills request processed
2025-02-10 01:11:53,865 - basicLogger - INFO - Skills request processed
2025-02-10 01:12:55,834 - basicLogger - INFO - Skills request processed
2025-02-10 01:14:31,676 - basicLogger - INFO - Skills request processed
2025-02-10 01:14:31,676 - basicLogger - ERROR - No JSON found in the model output
2025-02-10 01:15:53,237 - basicLogger - INFO - Skills request processed
2025-02-10 01:15:53,237 - basicLogger - DEBUG - Model output: Based on the job description, here is the comparison of your skills and experience with the requirements:

{
    "matches": [
        {
            "skill": "Customer Service",
            "your_experience": "High"
        },
        {
            "skill": "Windows Server 2022 Administration",
            "your_experience": "Moderate"
        },
        {
            "skill": "Database Administration",
            "your_experience": "Moderate"
        },
        {
            "skill": "Web Server Administration",
            "your_experience": "Basic"
        }
    ],
    "non_matches": [
        {
            "reason": "IT Service Desk role does not require programming expertise.",
            "skill": "Python"
        },
        {
            "reason": "IT Service Desk role does not require extensive networking knowledge.",
            "skill": "Basic Networking"
        },
        {
            "reason": "JavaScript is a popular language for web development, but it's not explicitly mentioned as required skill.",
            "skill": "Javascript"
        },
        {
            "reason": "TypeScript is a superset of JavaScript and can be considered as an optional skill in this role.",
            "skill": "Typescript"
        }
    ],
    "skills_required": {
        "communication_and_collaboration": [
            ""
        ]
    },
    "integration_expertise": [
        ""
    ],
    "programming_languages": [
        ""
    ]
}
 
Note: The skills in the 'matches' section indicate that you have a good foundation for this role, while the non-matches section highlights areas where your experience may not be directly relevant or is not mentioned as a required skill.
2025-02-10 01:16:32,174 - basicLogger - INFO - Skills request processed
2025-02-10 01:16:32,174 - basicLogger - DEBUG - Model output: Based on the job description and your skills, here is the comparison in JSON format:

{
    "matches": [
        {
            "skill": "Customer Service",
            "your_experience": "High"
        },
        {
            "skill": "Basic Networking",
            "your_experience": "Medium"
        }
    ],
    "non_matches": [
        {
            "reason": "Not directly related to IT services",
            "skill": "Python"
        },
        {
            "reason": "Not directly related to IT services",
            "skill": "Javascript"
        },
        {
            "reason": "Not directly related to IT services",
            "skill": "Typescript"
        }
    ],
    "skills_required": {
        "communication_and_collaboration": [
            "Strong communication and collaboration skills for effective team coordination with Level II Service Desk."
        ]
    },
    "integration_expertise": [],
    "programming_languages": [
        {
            "description": "Knowledge of scripting languages to automate tasks or troubleshoot issues",
            "skill": ""
        }
    ],
    "suggested_skills": [
        {
            "description": "Scripting languages such as PowerShell, Bash, or Perl to streamline IT operations.",
            "skill": "PowerShell"
        },
        {
            "description": "Familiarity with Linux command-line interfaces for efficient system administration.",
            "skill": ""
        }
    ]
}

Here's a brief explanation of the output:

- **matches**: You have skills that directly match some of the requirements. Customer Service is essential for resolving user issues, and Basic Networking knowledge will help you better understand network-related problems.
  
- **non_matches**: Python, Javascript, Typescript are not directly related to IT services like your current role demands.

- **skills_required**: The job description highlights the need for good communication skills. However, no other technical skills are mentioned in the given information. You might want to focus on improving your communication and collaboration abilities.

- **integration_expertise** is empty as there's no specific requirement stated in the question about integration expertise.

- **programming_languages**: Since Python was already listed under 'matches', there seems to be confusion in inputting skills for suggested languages. Therefore, PowerShell has been added as a suggested skill which can help with automation and troubleshooting tasks.

- **suggested_skills**: PowerShell and Linux command-line interface are suggested as potential areas of improvement or learning, given your current profile.
